<?xml version="1.0" encoding="UTF-8"?>
<testng-results ignored="0" total="1" passed="1" failed="0" skipped="0">
  <reporter-output>
  </reporter-output>
  <suite started-at="2022-03-07T23:47:55 IST" name="Default suite" finished-at="2022-03-07T23:48:29 IST" duration-ms="34705">
    <groups>
    </groups>
    <test started-at="2022-03-07T23:47:55 IST" name="Default test" finished-at="2022-03-07T23:48:29 IST" duration-ms="34705">
      <class name="selenium_app_feature.main.tests.TabelExamples">
        <test-method signature="test_tables()[pri:0, instance:selenium_app_feature.main.tests.TabelExamples@43dac38f]" started-at="2022-03-07T23:47:55 IST" name="test_tables" finished-at="2022-03-07T23:48:29 IST" duration-ms="34611" status="PASS">
          <reporter-output>
          </reporter-output>
        </test-method> <!-- test_tables -->
      </class> <!-- selenium_app_feature.main.tests.TabelExamples -->
    </test> <!-- Default test -->
  </suite> <!-- Default suite -->
</testng-results>
